<?xml version="1.0" encoding="UTF-8"?>
<!-- Generated by org.testng.reporters.JUnitXMLReporter -->
<testsuite hostname="BOND" ignored="1" name="Default test" tests="1" failures="0" timestamp="16 Jan 2020 01:09:21 GMT" time="80.675" errors="0">
  <testcase name="Assignment2" time="80.598" classname="com.assignment.testcases.Testcases"/>
  <testcase name="Assignment1" time="0.0" classname="com.assignment.testcases.Testcases">
    <ignored/>
  </testcase> <!-- Assignment1 -->
</testsuite> <!-- Default test -->
